<?xml version="1.0" encoding="UTF-8"?>
<!-- Generated by org.testng.reporters.JUnitReportReporter -->
<testsuite skipped="0" hostname="Admin-PC" name="example.Runner" tests="1" failures="0" timestamp="06 Jan 2020 18:40:08 GMT" time="63.492" errors="0">
  <testcase name="comapre" time="63.492" classname="example.Runner"/>
</testsuite> <!-- example.Runner -->
